<?xml version="1.0" encoding="UTF-8"?>
<testng-results ignored="0" total="1" passed="1" failed="0" skipped="0">
  <reporter-output>
  </reporter-output>
  <suite started-at="2022-12-13T16:02:40 IST" name="Default suite" finished-at="2022-12-13T16:02:50 IST" duration-ms="10014">
    <groups>
    </groups>
    <test started-at="2022-12-13T16:02:40 IST" name="Default test" finished-at="2022-12-13T16:02:50 IST" duration-ms="10014">
      <class name="dws_testcases.TC_003_Search">
        <test-method signature="search()[pri:0, instance:dws_testcases.TC_003_Search@4470f8a6]" started-at="2022-12-13T16:02:40 IST" name="search" finished-at="2022-12-13T16:02:50 IST" duration-ms="9913" status="PASS">
          <reporter-output>
          </reporter-output>
        </test-method> <!-- search -->
      </class> <!-- dws_testcases.TC_003_Search -->
    </test> <!-- Default test -->
  </suite> <!-- Default suite -->
</testng-results>
