<?xml version="1.0" encoding="UTF-8"?>
<!-- Generated by org.testng.reporters.JUnitXMLReporter -->
<testsuite ignored="0" hostname="DESKTOP-5QGV7PI" failures="0" tests="3" name="Test" time="28.695" errors="0" timestamp="2022-12-13T17:37:21 IST">
  <testcase classname="dws_testcases.TC_001_Register" name="register" time="12.493"/>
  <testcase classname="dws_testcases.TC_002_Login" name="login" time="8.403"/>
  <testcase classname="dws_testcases.TC_003_Search" name="search" time="7.718"/>
</testsuite> <!-- Test -->
